<?xml version="1.0" encoding="UTF-8"?>
<!-- Generated by org.testng.reporters.JUnitXMLReporter -->
<testsuite hostname="DESKTOP-J5FF4DJ" ignored="0" name="Surefire test" tests="6" failures="0" timestamp="14 Jan 2020 18:31:05 GMT" time="0.03" errors="0">
  <testcase name="appiumtesingmsg" time="0.007" classname="mvnpacckagetest.AppiumTest"/>
  <testcase name="mvnapmtesingmsg" time="0.0" classname="mvnpacckagetest.AppiumTest"/>
  <testcase name="mvnresttesingmsg" time="0.001" classname="mvnpacckagetest.RestTest"/>
  <testcase name="resttesingmsg" time="0.0" classname="mvnpacckagetest.RestTest"/>
  <testcase name="mantesingmsg" time="0.0" classname="mvnpacckagetest.SeleniumTest"/>
  <testcase name="seleniumtesingmsg" time="0.001" classname="mvnpacckagetest.SeleniumTest"/>
</testsuite> <!-- Surefire test -->
