<?xml version="1.0" encoding="UTF-8"?>
<!-- Generated by org.testng.reporters.JUnitXMLReporter -->
<testsuite hostname="DESKTOP-J5FF4DJ" ignored="0" name="Regression" tests="6" failures="0" timestamp="13 Mar 2020 06:46:06 GMT" time="0.039" errors="0">
  <testcase name="mantesingmsg" time="0.008" classname="mvnpacckagetest.SeleniumTest"/>
  <testcase name="seleniumtesingmsg" time="0.001" classname="mvnpacckagetest.SeleniumTest"/>
  <testcase name="mvnresttesingmsg" time="0.001" classname="mvnpacckagetest.RestTest"/>
  <testcase name="resttesingmsg" time="0.001" classname="mvnpacckagetest.RestTest"/>
  <testcase name="appiumtesingmsg" time="0.002" classname="mvnpacckagetest.AppiumTest"/>
  <testcase name="mvnapmtesingmsg" time="0.001" classname="mvnpacckagetest.AppiumTest"/>
</testsuite> <!-- Regression -->
