<?xml version="1.0" encoding="UTF-8"?>
<!-- Generated by org.testng.reporters.JUnitXMLReporter -->
<testsuite hostname="DESKTOP-J5FF4DJ" ignored="0" name="Smoke" tests="4" failures="0" timestamp="13 Mar 2020 06:56:30 GMT" time="0.021" errors="0">
  <testcase name="mantesingmsg" time="0.005" classname="mvnpacckagetest.SeleniumTest"/>
  <testcase name="seleniumtesingmsg" time="0.001" classname="mvnpacckagetest.SeleniumTest"/>
  <testcase name="mvnresttesingmsg" time="0.0" classname="mvnpacckagetest.RestTest"/>
  <testcase name="resttesingmsg" time="0.0" classname="mvnpacckagetest.RestTest"/>
</testsuite> <!-- Smoke -->
