<?xml version="1.0" encoding="UTF-8"?>
<testng-results skipped="0" failed="0" ignored="0" total="6" passed="6">
  <reporter-output>
  </reporter-output>
  <suite name="Command line suite" duration-ms="31" started-at="2020-03-13T06:59:02Z" finished-at="2020-03-13T06:59:02Z">
    <groups>
    </groups>
    <test name="Command line test" duration-ms="31" started-at="2020-03-13T06:59:02Z" finished-at="2020-03-13T06:59:02Z">
      <class name="mvnpacckagetest.SeleniumTest">
        <test-method status="PASS" signature="mantesingmsg()[pri:0, instance:mvnpacckagetest.SeleniumTest@79698539]" name="mantesingmsg" duration-ms="1" started-at="2020-03-13T01:59:02Z" finished-at="2020-03-13T01:59:02Z">
          <reporter-output>
          </reporter-output>
        </test-method> <!-- mantesingmsg -->
        <test-method status="PASS" signature="seleniumtesingmsg()[pri:0, instance:mvnpacckagetest.SeleniumTest@79698539]" name="seleniumtesingmsg" duration-ms="0" started-at="2020-03-13T01:59:02Z" finished-at="2020-03-13T01:59:02Z">
          <reporter-output>
          </reporter-output>
        </test-method> <!-- seleniumtesingmsg -->
      </class> <!-- mvnpacckagetest.SeleniumTest -->
      <class name="mvnpacckagetest.RestTest">
        <test-method status="PASS" signature="mvnresttesingmsg()[pri:0, instance:mvnpacckagetest.RestTest@6b2fad11]" name="mvnresttesingmsg" duration-ms="1" started-at="2020-03-13T01:59:02Z" finished-at="2020-03-13T01:59:02Z">
          <reporter-output>
          </reporter-output>
        </test-method> <!-- mvnresttesingmsg -->
        <test-method status="PASS" signature="resttesingmsg()[pri:0, instance:mvnpacckagetest.RestTest@6b2fad11]" name="resttesingmsg" duration-ms="1" started-at="2020-03-13T01:59:02Z" finished-at="2020-03-13T01:59:02Z">
          <reporter-output>
          </reporter-output>
        </test-method> <!-- resttesingmsg -->
      </class> <!-- mvnpacckagetest.RestTest -->
      <class name="mvnpacckagetest.AppiumTest">
        <test-method status="PASS" signature="appiumtesingmsg()[pri:0, instance:mvnpacckagetest.AppiumTest@7a5d012c]" name="appiumtesingmsg" duration-ms="5" started-at="2020-03-13T01:59:02Z" finished-at="2020-03-13T01:59:02Z">
          <reporter-output>
          </reporter-output>
        </test-method> <!-- appiumtesingmsg -->
        <test-method status="PASS" signature="mvnapmtesingmsg()[pri:0, instance:mvnpacckagetest.AppiumTest@7a5d012c]" name="mvnapmtesingmsg" duration-ms="0" started-at="2020-03-13T01:59:02Z" finished-at="2020-03-13T01:59:02Z">
          <reporter-output>
          </reporter-output>
        </test-method> <!-- mvnapmtesingmsg -->
      </class> <!-- mvnpacckagetest.AppiumTest -->
    </test> <!-- Command line test -->
  </suite> <!-- Command line suite -->
</testng-results>
