<?xml version="1.0" encoding="UTF-8"?>
<testng-results skipped="0" failed="0" ignored="0" total="6" passed="6">
  <reporter-output>
  </reporter-output>
  <suite name="Suite" duration-ms="39" started-at="2020-03-13T06:46:05Z" finished-at="2020-03-13T06:46:05Z">
    <groups>
    </groups>
    <test name="Regression" duration-ms="39" started-at="2020-03-13T06:46:05Z" finished-at="2020-03-13T06:46:05Z">
      <class name="mvnpacckagetest.SeleniumTest">
        <test-method status="PASS" signature="mantesingmsg()[pri:0, instance:mvnpacckagetest.SeleniumTest@e50a6f6]" name="mantesingmsg" duration-ms="8" started-at="2020-03-13T01:46:05Z" finished-at="2020-03-13T01:46:05Z">
          <reporter-output>
          </reporter-output>
        </test-method> <!-- mantesingmsg -->
        <test-method status="PASS" signature="seleniumtesingmsg()[pri:0, instance:mvnpacckagetest.SeleniumTest@e50a6f6]" name="seleniumtesingmsg" duration-ms="1" started-at="2020-03-13T01:46:05Z" finished-at="2020-03-13T01:46:05Z">
          <reporter-output>
          </reporter-output>
        </test-method> <!-- seleniumtesingmsg -->
      </class> <!-- mvnpacckagetest.SeleniumTest -->
      <class name="mvnpacckagetest.RestTest">
        <test-method status="PASS" signature="mvnresttesingmsg()[pri:0, instance:mvnpacckagetest.RestTest@358c99f5]" name="mvnresttesingmsg" duration-ms="1" started-at="2020-03-13T01:46:05Z" finished-at="2020-03-13T01:46:05Z">
          <reporter-output>
          </reporter-output>
        </test-method> <!-- mvnresttesingmsg -->
        <test-method status="PASS" signature="resttesingmsg()[pri:0, instance:mvnpacckagetest.RestTest@358c99f5]" name="resttesingmsg" duration-ms="1" started-at="2020-03-13T01:46:05Z" finished-at="2020-03-13T01:46:05Z">
          <reporter-output>
          </reporter-output>
        </test-method> <!-- resttesingmsg -->
      </class> <!-- mvnpacckagetest.RestTest -->
      <class name="mvnpacckagetest.AppiumTest">
        <test-method status="PASS" signature="appiumtesingmsg()[pri:0, instance:mvnpacckagetest.AppiumTest@3ee0fea4]" name="appiumtesingmsg" duration-ms="2" started-at="2020-03-13T01:46:05Z" finished-at="2020-03-13T01:46:05Z">
          <reporter-output>
          </reporter-output>
        </test-method> <!-- appiumtesingmsg -->
        <test-method status="PASS" signature="mvnapmtesingmsg()[pri:0, instance:mvnpacckagetest.AppiumTest@3ee0fea4]" name="mvnapmtesingmsg" duration-ms="1" started-at="2020-03-13T01:46:05Z" finished-at="2020-03-13T01:46:05Z">
          <reporter-output>
          </reporter-output>
        </test-method> <!-- mvnapmtesingmsg -->
      </class> <!-- mvnpacckagetest.AppiumTest -->
    </test> <!-- Regression -->
  </suite> <!-- Suite -->
</testng-results>
